<?xml version="1.0" encoding="UTF-8"?>
<!-- Generated by org.testng.reporters.JUnitReportReporter -->
<testsuite hostname="DESKTOP-SHNC452" failures="0" tests="3" name="DataProviders.SimpleDataProvider" time="0.040" errors="0" timestamp="2025-01-16T11:29:06 IST" skipped="0">
  <testcase classname="DataProviders.SimpleDataProvider" name="Tc01" time="0.003"/>
  <system-out/>
  <testcase classname="DataProviders.SimpleDataProvider" name="Tc01" time="0.035"/>
  <system-out/>
  <testcase classname="DataProviders.SimpleDataProvider" name="Tc01" time="0.002"/>
  <system-out/>
</testsuite> <!-- DataProviders.SimpleDataProvider -->
