<?xml version="1.0" encoding="UTF-8"?>
<!-- Generated by org.testng.reporters.JUnitReportReporter -->
<testsuite hostname="DESKTOP-SHNC452" failures="0" tests="6" name="TestNG.DependsOn_Features" time="0.018" errors="0" timestamp="2025-01-09T23:23:49 IST" skipped="0">
  <testcase classname="TestNG.DependsOn_Features" name="ritesh" time="0.001"/>
  <system-out/>
  <testcase classname="TestNG.DependsOn_Features" name="pranav" time="0.002"/>
  <system-out/>
  <testcase classname="TestNG.DependsOn_Features" name="aman" time="0.002"/>
  <system-out/>
  <testcase classname="TestNG.DependsOn_Features" name="nishant" time="0.012"/>
  <system-out/>
  <testcase classname="TestNG.DependsOn_Features" name="tejas" time="0.000"/>
  <system-out/>
  <testcase classname="TestNG.DependsOn_Features" name="vivek" time="0.001"/>
  <system-out/>
</testsuite> <!-- TestNG.DependsOn_Features -->
